<?xml version="1.0" encoding="UTF-8"?>
<!-- Generated by org.testng.reporters.JUnitReportReporter -->
<testsuite hostname="root.local" failures="0" tests="4" name="api.test.UserTests" time="2.649" errors="0" timestamp="2023-11-06T03:32:45 EST" skipped="0">
  <testcase classname="api.test.UserTests" name="testPostUser" time="2.041"/>
  <testcase classname="api.test.UserTests" name="testGetUserByname" time="0.173"/>
  <testcase classname="api.test.UserTests" name="updatUserByNBame" time="0.290"/>
  <testcase classname="api.test.UserTests" name="testDeleteUserByName" time="0.145"/>
</testsuite> <!-- api.test.UserTests -->
