<?xml version="1.0" encoding="UTF-8"?>
<!-- Generated by org.testng.reporters.JUnitReportReporter -->
<testsuite hostname="root.local" failures="0" tests="4" name="api.test.UserTests" time="2.381" errors="0" timestamp="2023-11-03T01:24:49 EDT" skipped="0">
  <testcase classname="api.test.UserTests" name="testPostUser" time="1.778"/>
  <testcase classname="api.test.UserTests" name="testGetUserByname" time="0.171"/>
  <testcase classname="api.test.UserTests" name="updatUserByNBame" time="0.289"/>
  <testcase classname="api.test.UserTests" name="testDeleteUserByName" time="0.143"/>
</testsuite> <!-- api.test.UserTests -->
