<?xml version="1.0" encoding="UTF-8"?>
<!-- Generated by org.testng.reporters.JUnitReportReporter -->
<testsuite hostname="root.local" failures="0" tests="6" name="api.test.DataDrivenTest" time="4.228" errors="0" timestamp="2023-11-03T13:38:14 EDT" skipped="1">
  <testcase classname="api.test.DataDrivenTest" name="testDeletUserByName" time="3.563"/>
  <testcase classname="api.test.DataDrivenTest" name="testDeletUserByName" time="0.177"/>
  <testcase classname="api.test.DataDrivenTest" name="testDeletUserByName" time="0.169"/>
  <testcase classname="api.test.DataDrivenTest" name="testDeletUserByName" time="0.161"/>
  <testcase classname="api.test.DataDrivenTest" name="testDeletUserByName" time="0.158"/>
  <testcase classname="api.test.DataDrivenTest" name="testPostUser">
    <skipped/>
  </testcase> <!-- testPostUser -->
</testsuite> <!-- api.test.DataDrivenTest -->
