<?xml version="1.0" encoding="UTF-8"?>
<!-- Generated by org.testng.reporters.JUnitReportReporter -->
<testsuite hostname="root.local" failures="0" tests="4" name="api.test.UserTests" time="2.234" errors="0" timestamp="2023-11-08T11:42:37 EST" skipped="0">
  <testcase classname="api.test.UserTests" name="testPostUser" time="1.585"/>
  <testcase classname="api.test.UserTests" name="testGetUserByname" time="0.187"/>
  <testcase classname="api.test.UserTests" name="updatUserByNBame" time="0.310"/>
  <testcase classname="api.test.UserTests" name="testDeleteUserByName" time="0.152"/>
</testsuite> <!-- api.test.UserTests -->
