<?xml version="1.0" encoding="UTF-8"?>
<!-- Generated by org.testng.reporters.JUnitReportReporter -->
<testsuite hostname="root.local" failures="0" tests="10" name="api.test.DataDrivenTest" time="3.189" errors="0" timestamp="2023-11-05T17:52:43 EST" skipped="0">
  <testcase classname="api.test.DataDrivenTest" name="testPostUser" time="0.143"/>
  <testcase classname="api.test.DataDrivenTest" name="testPostUser" time="0.146"/>
  <testcase classname="api.test.DataDrivenTest" name="testPostUser" time="1.888"/>
  <testcase classname="api.test.DataDrivenTest" name="testPostUser" time="0.149"/>
  <testcase classname="api.test.DataDrivenTest" name="testPostUser" time="0.155"/>
  <testcase classname="api.test.DataDrivenTest" name="testDeletUserByName" time="0.135"/>
  <testcase classname="api.test.DataDrivenTest" name="testDeletUserByName" time="0.136"/>
  <testcase classname="api.test.DataDrivenTest" name="testDeletUserByName" time="0.149"/>
  <testcase classname="api.test.DataDrivenTest" name="testDeletUserByName" time="0.133"/>
  <testcase classname="api.test.DataDrivenTest" name="testDeletUserByName" time="0.155"/>
</testsuite> <!-- api.test.DataDrivenTest -->
